  main.cpp
C:\Users\salex\source\repos\functions\functions\main.cpp(64,52): warning C4244: аргумент: преобразование "int" в "T", возможна потеря данных
          with
          [
              T=float
          ]
C:\Users\salex\source\repos\functions\functions\main.cpp(64,97): warning C4244: аргумент: преобразование "int" в "T", возможна потеря данных
          with
          [
              T=float
          ]
C:\Users\salex\source\repos\functions\functions\main.cpp(65,41): warning C4244: аргумент: преобразование "int" в "T", возможна потеря данных
          with
          [
              T=float
          ]
C:\Users\salex\source\repos\functions\functions\main.cpp(65,86): warning C4244: аргумент: преобразование "int" в "T", возможна потеря данных
          with
          [
              T=float
          ]
C:\Users\salex\source\repos\functions\functions\main.cpp(67,45): warning C4244: аргумент: преобразование "int" в "float", возможна потеря данных
C:\Users\salex\source\repos\functions\functions\main.cpp(67,23): warning C4244: аргумент: преобразование "int" в "float", возможна потеря данных
C:\Users\salex\source\repos\functions\functions\main.cpp(68,28): warning C4244: аргумент: преобразование "int" в "float", возможна потеря данных
C:\Users\salex\source\repos\functions\functions\main.cpp(68,80): warning C4244: аргумент: преобразование "int" в "float", возможна потеря данных
C:\Users\salex\source\repos\functions\functions\main.cpp(68,62): warning C4244: аргумент: преобразование "int" в "float", возможна потеря данных
C:\Users\salex\source\repos\functions\functions\main.cpp(69,54): warning C4244: аргумент: преобразование "int" в "float", возможна потеря данных
C:\Users\salex\source\repos\functions\functions\main.cpp(69,27): warning C4244: аргумент: преобразование "int" в "float", возможна потеря данных
C:\Users\salex\source\repos\functions\functions\main.cpp(80,46): warning C4244: аргумент: преобразование "int" в "float", возможна потеря данных
C:\Users\salex\source\repos\functions\functions\main.cpp(80,24): warning C4244: аргумент: преобразование "int" в "float", возможна потеря данных
C:\Users\salex\source\repos\functions\functions\main.cpp(81,51): warning C4244: аргумент: преобразование "int" в "float", возможна потеря данных
C:\Users\salex\source\repos\functions\functions\main.cpp(81,24): warning C4244: аргумент: преобразование "int" в "float", возможна потеря данных
C:\Users\salex\source\repos\functions\functions\main.cpp(94,38): warning C4244: аргумент: преобразование "int" в "float", возможна потеря данных
C:\Users\salex\source\repos\functions\functions\main.cpp(94,35): warning C4244: аргумент: преобразование "int" в "float", возможна потеря данных
C:\Users\salex\source\repos\functions\functions\main.cpp(100,38): warning C4244: аргумент: преобразование "int" в "float", возможна потеря данных
C:\Users\salex\source\repos\functions\functions\main.cpp(100,35): warning C4244: аргумент: преобразование "int" в "float", возможна потеря данных
C:\Users\salex\source\repos\functions\functions\main.cpp(106,38): warning C4244: аргумент: преобразование "int" в "float", возможна потеря данных
C:\Users\salex\source\repos\functions\functions\main.cpp(106,35): warning C4244: аргумент: преобразование "int" в "float", возможна потеря данных
C:\Users\salex\source\repos\functions\functions\main.cpp(112,38): warning C4244: аргумент: преобразование "int" в "float", возможна потеря данных
C:\Users\salex\source\repos\functions\functions\main.cpp(112,35): warning C4244: аргумент: преобразование "int" в "float", возможна потеря данных
  Создание кода
  10 of 21 functions (47.6%) were compiled, the rest were copied from previous compilation.
    0 functions were new in current compilation
    5 functions had inline decision re-evaluated but remain unchanged
  Создание кода завершено
  functions.vcxproj -> C:\Users\salex\source\repos\functions\Release\functions.exe
